

Microchip MPLAB XC8 Assembler V2.10 build 88905656 
                                                                                               Sat Apr 11 21:03:19 2020

Microchip MPLAB XC8 C Compiler v2.10 (Free license) build 20190730164152 Og1 
     1                           	processor	18F57Q43
     2                           	fnconf	rparam,??,?,0
     3                           	opt	pw 120
     4                           	opt	flic
     5                           	psect	cinit,global,reloc=2,class=CODE,delta=1
     6                           	psect	cstackCOMRAM,global,class=COMRAM,space=1,delta=1,noexec
     7                           	psect	text0,global,reloc=2,class=CODE,delta=1
     8                           	psect	text1,global,reloc=2,class=CODE,delta=1
     9                           	psect	text2,global,reloc=2,class=CODE,delta=1
    10                           	psect	text3,global,reloc=2,class=CODE,delta=1
    11                           	psect	text4,global,reloc=2,class=CODE,delta=1
    12                           	psect	text5,global,reloc=2,class=CODE,delta=1
    13                           	psect	intsave_regs,global,class=BIGRAM,space=1,delta=1,noexec
    14                           	psect	rparam,global,class=COMRAM,space=1,delta=1,noexec
    15  0000                     
    16                           ; Version 2.10
    17                           ; Generated 31/07/2019 GMT
    18                           ; 
    19                           ; Copyright © 2019, Microchip Technology Inc. and its subsidiaries ("Microchip")
    20                           ; All rights reserved.
    21                           ; 
    22                           ; This software is developed by Microchip Technology Inc. and its subsidiaries ("Microch
      +                          ip").
    23                           ; 
    24                           ; Redistribution and use in source and binary forms, with or without modification, are
    25                           ; permitted provided that the following conditions are met:
    26                           ; 
    27                           ;     1. Redistributions of source code must retain the above copyright notice, this lis
      +                          t of
    28                           ;        conditions and the following disclaimer.
    29                           ; 
    30                           ;     2. Redistributions in binary form must reproduce the above copyright notice, this 
      +                          list
    31                           ;        of conditions and the following disclaimer in the documentation and/or other
    32                           ;        materials provided with the distribution.
    33                           ; 
    34                           ;     3. Microchip's name may not be used to endorse or promote products derived from th
      +                          is
    35                           ;        software without specific prior written permission.
    36                           ; 
    37                           ; THIS SOFTWARE IS PROVIDED BY MICROCHIP "AS IS" AND ANY EXPRESS OR IMPLIED WARRANTIES,
    38                           ; INCLUDING, BUT NOT LIMITED TO, THE IMPLIED WARRANTIES OF MERCHANTABILITY AND FITNESS F
      +                          OR
    39                           ; PURPOSE ARE DISCLAIMED.  IN NO EVENT SHALL MICROCHIP BE LIABLE FOR ANY DIRECT, INDIREC
      +                          T,
    40                           ; INCIDENTAL, SPECIAL, EXEMPLARY, OR CONSEQUENTIAL DAMAGES (INCLUDING BUT NOT LIMITED TO
    41                           ; PROCUREMENT OF SUBSTITUTE GOODS OR SERVICES; LOSS OF USE, DATA OR PROFITS; OR BUSINESS
    42                           ; INTERRUPTION) HOWSOEVER CAUSED AND ON ANY THEORY OF LIABILITY, WHETHER IN CONTRACT, ST
      +                          RICT
    43                           ; LIABILITY, OR TORT (INCLUDING NEGLIGENCE OR OTHERWISE) ARISING IN ANY WAY OUT OF THE U
      +                          SE OF
    44                           ; THIS SOFTWARE, EVEN IF ADVISED OF THE POSSIBILITY OF SUCH DAMAGE.
    45                           ; 
    46                           ; 
    47                           ; Code-generator required, PIC18F57Q43 Definitions
    48                           ; 
    49                           ; SFR Addresses
    50  0000                     _PMD8	set	104
    51  0000                     _PMD7	set	103
    52  0000                     _PMD6	set	102
    53  0000                     _PMD5	set	101
    54  0000                     _PMD4	set	100
    55  0000                     _PMD3	set	99
    56  0000                     _PMD1	set	97
    57  0000                     _PMD0	set	96
    58  0000                     _ACTCON	set	172
    59  0000                     _OSCTUNE	set	176
    60  0000                     _OSCFRQ	set	177
    61  0000                     _OSCEN	set	179
    62  0000                     _OSCCON3	set	175
    63  0000                     _OSCCON1	set	173
    64  0000                     _RC4I2C	set	646
    65  0000                     _RC3I2C	set	647
    66  0000                     _RB2I2C	set	648
    67  0000                     _RB1I2C	set	649
    68  0000                     _INLVLF	set	1068
    69  0000                     _INLVLE	set	1060
    70  0000                     _INLVLD	set	1052
    71  0000                     _INLVLC	set	1044
    72  0000                     _INLVLB	set	1036
    73  0000                     _INLVLA	set	1028
    74  0000                     _SLRCONF	set	1067
    75  0000                     _SLRCONE	set	1059
    76  0000                     _SLRCOND	set	1051
    77  0000                     _SLRCONC	set	1043
    78  0000                     _SLRCONB	set	1035
    79  0000                     _SLRCONA	set	1027
    80  0000                     _ODCOND	set	1050
    81  0000                     _ODCONC	set	1042
    82  0000                     _ODCONB	set	1034
    83  0000                     _ODCONA	set	1026
    84  0000                     _ODCONF	set	1066
    85  0000                     _ODCONE	set	1058
    86  0000                     _WPUC	set	1041
    87  0000                     _WPUA	set	1025
    88  0000                     _WPUB	set	1033
    89  0000                     _WPUE	set	1057
    90  0000                     _WPUF	set	1065
    91  0000                     _WPUD	set	1049
    92  0000                     _ANSELA	set	1024
    93  0000                     _ANSELF	set	1064
    94  0000                     _ANSELE	set	1056
    95  0000                     _ANSELB	set	1032
    96  0000                     _ANSELC	set	1040
    97  0000                     _ANSELD	set	1048
    98  0000                     _PORTF	set	1235
    99  0000                     _PORTD	set	1233
   100  0000                     _PORTC	set	1232
   101  0000                     _PORTB	set	1231
   102  0000                     _PORTA	set	1230
   103  0000                     _TRISD	set	1225
   104  0000                     _TRISC	set	1224
   105  0000                     _TRISB	set	1223
   106  0000                     _TRISA	set	1222
   107  0000                     _TRISF	set	1227
   108  0000                     _TRISE	set	1226
   109  0000                     _LATC	set	1216
   110  0000                     _LATB	set	1215
   111  0000                     _LATF	set	1219
   112  0000                     _LATA	set	1214
   113  0000                     _LATD	set	1217
   114  0000                     _LATE	set	1218
   115                           
   116                           ; #config settings
   117  0000                     
   118                           	psect	cinit
   119  01FE90                     __pcinit:
   120                           	opt callstack 0
   121  01FE90                     start_initialization:
   122                           	opt callstack 0
   123  01FE90                     __initialization:
   124                           	opt callstack 0
   125  01FE90                     end_of_initialization:
   126                           	opt callstack 0
   127  01FE90                     __end_of__initialization:
   128                           	opt callstack 0
   129  01FE90  0100               	movlb	0
   130  01FE92  EF60  F0FF         	goto	_main	;jump to C main() function
   131                           
   132                           	psect	cstackCOMRAM
   133  000501                     __pcstackCOMRAM:
   134                           	opt callstack 0
   135  000501                     Count_To@count_to:
   136                           	opt callstack 0
   137                           
   138                           ; 2 bytes @ 0x0
   139  000501                     	ds	2
   140  000503                     ??_Count_To:
   141                           
   142                           ; 1 bytes @ 0x2
   143  000503                     	ds	1
   144  000504                     Count_To@LS_Nib:
   145                           	opt callstack 0
   146                           
   147                           ; 2 bytes @ 0x3
   148  000504                     	ds	4
   149  000508                     Count_To@counter:
   150                           	opt callstack 0
   151                           
   152                           ; 2 bytes @ 0x7
   153  000508                     	ds	2
   154  00050A                     
   155                           ; 1 bytes @ 0x9
   156  00050A                     	ds	12
   157  000516                     main@counter:
   158                           	opt callstack 0
   159                           
   160                           ; 2 bytes @ 0x15
   161  000516                     	ds	2
   162                           
   163 ;;
   164 ;;Main: autosize = 0, tempsize = 0, incstack = 0, save=0
   165 ;;
   166 ;; *************** function _main *****************
   167 ;; Defined at:
   168 ;;		line 97 in file "main.c"
   169 ;; Parameters:    Size  Location     Type
   170 ;;		None
   171 ;; Auto vars:     Size  Location     Type
   172 ;;  counter         2   21[COMRAM] int 
   173 ;;  LS_Second       2    0        int 
   174 ;;  MS_Second       2    0        int 
   175 ;;  LS_Minute       2    0        int 
   176 ;;  MS_Minute       2    0        int 
   177 ;;  LS_Hour         2    0        int 
   178 ;;  MS_Hour         2    0        int 
   179 ;; Return value:  Size  Location     Type
   180 ;;                  1    wreg      void 
   181 ;; Registers used:
   182 ;;		wreg, status,2, status,0, cstack
   183 ;; Tracked objects:
   184 ;;		On entry : 0/0
   185 ;;		On exit  : 0/0
   186 ;;		Unchanged: 0/0
   187 ;; Data sizes:     COMRAM   BANK5   BANK6   BANK7   BANK8   BANK9  BANK10  BANK11  BANK12  BANK13  BANK14  BANK15  BANK1
      +6  BANK17  BANK18  BANK19  BANK20  BANK21  BANK22  BANK23  BANK24  BANK25  BANK26  BANK27  BANK28  BANK29  BANK30  BANK3
      +1  BANK32  BANK33  BANK34  BANK35  BANK36
   188 ;;      Params:         0       0       0       0       0       0       0       0       0       0       0       0       
      +0       0       0       0       0       0       0       0       0       0       0       0       0       0       0       
      +0       0       0       0       0       0
   189 ;;      Locals:        14       0       0       0       0       0       0       0       0       0       0       0       
      +0       0       0       0       0       0       0       0       0       0       0       0       0       0       0       
      +0       0       0       0       0       0
   190 ;;      Temps:          0       0       0       0       0       0       0       0       0       0       0       0       
      +0       0       0       0       0       0       0       0       0       0       0       0       0       0       0       
      +0       0       0       0       0       0
   191 ;;      Totals:        14       0       0       0       0       0       0       0       0       0       0       0       
      +0       0       0       0       0       0       0       0       0       0       0       0       0       0       0       
      +0       0       0       0       0       0
   192 ;;Total ram usage:       14 bytes
   193 ;; Hardware stack levels required when called:    2
   194 ;; This function calls:
   195 ;;		_Count_To
   196 ;;		_SYSTEM_Initialize
   197 ;; This function is called by:
   198 ;;		Startup code after reset
   199 ;; This function uses a non-reentrant model
   200 ;;
   201                           
   202                           	psect	text0
   203  01FEC0                     __ptext0:
   204                           	opt callstack 0
   205  01FEC0                     _main:
   206                           	opt callstack 126
   207  01FEC0                     
   208                           ;main.c: 100:     SYSTEM_Initialize();
   209  01FEC0  EC4B  F0FF         	call	_SYSTEM_Initialize	;wreg free
   210  01FEC4                     
   211                           ;main.c: 111:     int counter = 0;
   212  01FEC4  0E00               	movlw	0
   213  01FEC6  6E17               	movwf	(main@counter+1)^(0+1280),c
   214  01FEC8  0E00               	movlw	0
   215  01FECA  6E16               	movwf	main@counter^(0+1280),c
   216  01FECC                     l968:
   217                           
   218                           ;main.c: 118:     {;main.c: 123:         Count_To(255);
   219  01FECC  0E00               	movlw	0
   220  01FECE  6E02               	movwf	(Count_To@count_to+1)^(0+1280),c
   221  01FED0  6801               	setf	Count_To@count_to^(0+1280),c
   222  01FED2  EC83  F0FF         	call	_Count_To	;wreg free
   223  01FED6                     
   224                           ;main.c: 125:         counter += 1;
   225  01FED6  4A16               	infsnz	main@counter^(0+1280),f,c
   226  01FED8  2A17               	incf	(main@counter+1)^(0+1280),f,c
   227  01FEDA  EF66  F0FF         	goto	l968
   228  01FEDE  EFFE  F0FF         	goto	start
   229  01FEE2                     __end_of_main:
   230                           	opt callstack 0
   231                           
   232 ;; *************** function _SYSTEM_Initialize *****************
   233 ;; Defined at:
   234 ;;		line 50 in file "mcc_generated_files/mcc.c"
   235 ;; Parameters:    Size  Location     Type
   236 ;;		None
   237 ;; Auto vars:     Size  Location     Type
   238 ;;		None
   239 ;; Return value:  Size  Location     Type
   240 ;;                  1    wreg      void 
   241 ;; Registers used:
   242 ;;		wreg, status,2, cstack
   243 ;; Tracked objects:
   244 ;;		On entry : 0/0
   245 ;;		On exit  : 0/0
   246 ;;		Unchanged: 0/0
   247 ;; Data sizes:     COMRAM   BANK5   BANK6   BANK7   BANK8   BANK9  BANK10  BANK11  BANK12  BANK13  BANK14  BANK15  BANK1
      +6  BANK17  BANK18  BANK19  BANK20  BANK21  BANK22  BANK23  BANK24  BANK25  BANK26  BANK27  BANK28  BANK29  BANK30  BANK3
      +1  BANK32  BANK33  BANK34  BANK35  BANK36
   248 ;;      Params:         0       0       0       0       0       0       0       0       0       0       0       0       
      +0       0       0       0       0       0       0       0       0       0       0       0       0       0       0       
      +0       0       0       0       0       0
   249 ;;      Locals:         0       0       0       0       0       0       0       0       0       0       0       0       
      +0       0       0       0       0       0       0       0       0       0       0       0       0       0       0       
      +0       0       0       0       0       0
   250 ;;      Temps:          0       0       0       0       0       0       0       0       0       0       0       0       
      +0       0       0       0       0       0       0       0       0       0       0       0       0       0       0       
      +0       0       0       0       0       0
   251 ;;      Totals:         0       0       0       0       0       0       0       0       0       0       0       0       
      +0       0       0       0       0       0       0       0       0       0       0       0       0       0       0       
      +0       0       0       0       0       0
   252 ;;Total ram usage:        0 bytes
   253 ;; Hardware stack levels used:    1
   254 ;; Hardware stack levels required when called:    1
   255 ;; This function calls:
   256 ;;		_OSCILLATOR_Initialize
   257 ;;		_PIN_MANAGER_Initialize
   258 ;;		_PMD_Initialize
   259 ;; This function is called by:
   260 ;;		_main
   261 ;; This function uses a non-reentrant model
   262 ;;
   263                           
   264                           	psect	text1
   265  01FE96                     __ptext1:
   266                           	opt callstack 0
   267  01FE96                     _SYSTEM_Initialize:
   268                           	opt callstack 126
   269  01FE96                     
   270                           ;mcc_generated_files/mcc.c: 52:     PMD_Initialize();
   271  01FE96  EC71  F0FF         	call	_PMD_Initialize	;wreg free
   272                           
   273                           ;mcc_generated_files/mcc.c: 53:     PIN_MANAGER_Initialize();
   274  01FE9A  ECAC  F0FF         	call	_PIN_MANAGER_Initialize	;wreg free
   275                           
   276                           ;mcc_generated_files/mcc.c: 54:     OSCILLATOR_Initialize();
   277  01FE9E  EC52  F0FF         	call	_OSCILLATOR_Initialize	;wreg free
   278  01FEA2  0012               	return		;funcret
   279  01FEA4                     __end_of_SYSTEM_Initialize:
   280                           	opt callstack 0
   281                           
   282 ;; *************** function _PMD_Initialize *****************
   283 ;; Defined at:
   284 ;;		line 73 in file "mcc_generated_files/mcc.c"
   285 ;; Parameters:    Size  Location     Type
   286 ;;		None
   287 ;; Auto vars:     Size  Location     Type
   288 ;;		None
   289 ;; Return value:  Size  Location     Type
   290 ;;                  1    wreg      void 
   291 ;; Registers used:
   292 ;;		wreg, status,2
   293 ;; Tracked objects:
   294 ;;		On entry : 0/0
   295 ;;		On exit  : 0/0
   296 ;;		Unchanged: 0/0
   297 ;; Data sizes:     COMRAM   BANK5   BANK6   BANK7   BANK8   BANK9  BANK10  BANK11  BANK12  BANK13  BANK14  BANK15  BANK1
      +6  BANK17  BANK18  BANK19  BANK20  BANK21  BANK22  BANK23  BANK24  BANK25  BANK26  BANK27  BANK28  BANK29  BANK30  BANK3
      +1  BANK32  BANK33  BANK34  BANK35  BANK36
   298 ;;      Params:         0       0       0       0       0       0       0       0       0       0       0       0       
      +0       0       0       0       0       0       0       0       0       0       0       0       0       0       0       
      +0       0       0       0       0       0
   299 ;;      Locals:         0       0       0       0       0       0       0       0       0       0       0       0       
      +0       0       0       0       0       0       0       0       0       0       0       0       0       0       0       
      +0       0       0       0       0       0
   300 ;;      Temps:          0       0       0       0       0       0       0       0       0       0       0       0       
      +0       0       0       0       0       0       0       0       0       0       0       0       0       0       0       
      +0       0       0       0       0       0
   301 ;;      Totals:         0       0       0       0       0       0       0       0       0       0       0       0       
      +0       0       0       0       0       0       0       0       0       0       0       0       0       0       0       
      +0       0       0       0       0       0
   302 ;;Total ram usage:        0 bytes
   303 ;; Hardware stack levels used:    1
   304 ;; This function calls:
   305 ;;		Nothing
   306 ;; This function is called by:
   307 ;;		_SYSTEM_Initialize
   308 ;; This function uses a non-reentrant model
   309 ;;
   310                           
   311                           	psect	text2
   312  01FEE2                     __ptext2:
   313                           	opt callstack 0
   314  01FEE2                     _PMD_Initialize:
   315                           	opt callstack 126
   316  01FEE2                     
   317                           ;mcc_generated_files/mcc.c: 76:     PMD0 = 0x00;
   318  01FEE2  0E00               	movlw	0
   319  01FEE4  0100               	movlb	0	; () banked
   320  01FEE6  6F60               	movwf	96,b	;volatile
   321                           
   322                           ;mcc_generated_files/mcc.c: 78:     PMD1 = 0x00;
   323  01FEE8  0E00               	movlw	0
   324  01FEEA  6F61               	movwf	97,b	;volatile
   325                           
   326                           ;mcc_generated_files/mcc.c: 80:     PMD3 = 0x00;
   327  01FEEC  0E00               	movlw	0
   328  01FEEE  6F63               	movwf	99,b	;volatile
   329                           
   330                           ;mcc_generated_files/mcc.c: 82:     PMD4 = 0x00;
   331  01FEF0  0E00               	movlw	0
   332  01FEF2  6F64               	movwf	100,b	;volatile
   333                           
   334                           ;mcc_generated_files/mcc.c: 84:     PMD5 = 0x00;
   335  01FEF4  0E00               	movlw	0
   336  01FEF6  6F65               	movwf	101,b	;volatile
   337                           
   338                           ;mcc_generated_files/mcc.c: 86:     PMD6 = 0x00;
   339  01FEF8  0E00               	movlw	0
   340  01FEFA  6F66               	movwf	102,b	;volatile
   341                           
   342                           ;mcc_generated_files/mcc.c: 88:     PMD7 = 0x00;
   343  01FEFC  0E00               	movlw	0
   344  01FEFE  6F67               	movwf	103,b	;volatile
   345                           
   346                           ;mcc_generated_files/mcc.c: 90:     PMD8 = 0x00;
   347  01FF00  0E00               	movlw	0
   348  01FF02  6F68               	movwf	104,b	;volatile
   349  01FF04                     
   350                           ; BSR set to: 0
   351  01FF04  0012               	return		;funcret
   352  01FF06                     __end_of_PMD_Initialize:
   353                           	opt callstack 0
   354                           
   355 ;; *************** function _PIN_MANAGER_Initialize *****************
   356 ;; Defined at:
   357 ;;		line 55 in file "mcc_generated_files/pin_manager.c"
   358 ;; Parameters:    Size  Location     Type
   359 ;;		None
   360 ;; Auto vars:     Size  Location     Type
   361 ;;		None
   362 ;; Return value:  Size  Location     Type
   363 ;;                  1    wreg      void 
   364 ;; Registers used:
   365 ;;		wreg, status,2
   366 ;; Tracked objects:
   367 ;;		On entry : 0/0
   368 ;;		On exit  : 0/0
   369 ;;		Unchanged: 0/0
   370 ;; Data sizes:     COMRAM   BANK5   BANK6   BANK7   BANK8   BANK9  BANK10  BANK11  BANK12  BANK13  BANK14  BANK15  BANK1
      +6  BANK17  BANK18  BANK19  BANK20  BANK21  BANK22  BANK23  BANK24  BANK25  BANK26  BANK27  BANK28  BANK29  BANK30  BANK3
      +1  BANK32  BANK33  BANK34  BANK35  BANK36
   371 ;;      Params:         0       0       0       0       0       0       0       0       0       0       0       0       
      +0       0       0       0       0       0       0       0       0       0       0       0       0       0       0       
      +0       0       0       0       0       0
   372 ;;      Locals:         0       0       0       0       0       0       0       0       0       0       0       0       
      +0       0       0       0       0       0       0       0       0       0       0       0       0       0       0       
      +0       0       0       0       0       0
   373 ;;      Temps:          0       0       0       0       0       0       0       0       0       0       0       0       
      +0       0       0       0       0       0       0       0       0       0       0       0       0       0       0       
      +0       0       0       0       0       0
   374 ;;      Totals:         0       0       0       0       0       0       0       0       0       0       0       0       
      +0       0       0       0       0       0       0       0       0       0       0       0       0       0       0       
      +0       0       0       0       0       0
   375 ;;Total ram usage:        0 bytes
   376 ;; Hardware stack levels used:    1
   377 ;; This function calls:
   378 ;;		Nothing
   379 ;; This function is called by:
   380 ;;		_SYSTEM_Initialize
   381 ;; This function uses a non-reentrant model
   382 ;;
   383                           
   384                           	psect	text3
   385  01FF58                     __ptext3:
   386                           	opt callstack 0
   387  01FF58                     _PIN_MANAGER_Initialize:
   388                           	opt callstack 126
   389  01FF58                     
   390                           ;mcc_generated_files/pin_manager.c: 60:     LATE = 0x00;
   391  01FF58  0E00               	movlw	0
   392  01FF5A  6EC2               	movwf	194,c	;volatile
   393                           
   394                           ;mcc_generated_files/pin_manager.c: 61:     LATD = 0x00;
   395  01FF5C  0E00               	movlw	0
   396  01FF5E  6EC1               	movwf	193,c	;volatile
   397                           
   398                           ;mcc_generated_files/pin_manager.c: 62:     LATA = 0x00;
   399  01FF60  0E00               	movlw	0
   400  01FF62  6EBE               	movwf	190,c	;volatile
   401                           
   402                           ;mcc_generated_files/pin_manager.c: 63:     LATF = 0x00;
   403  01FF64  0E00               	movlw	0
   404  01FF66  6EC3               	movwf	195,c	;volatile
   405                           
   406                           ;mcc_generated_files/pin_manager.c: 64:     LATB = 0x00;
   407  01FF68  0E00               	movlw	0
   408  01FF6A  6EBF               	movwf	191,c	;volatile
   409                           
   410                           ;mcc_generated_files/pin_manager.c: 65:     LATC = 0x00;
   411  01FF6C  0E00               	movlw	0
   412  01FF6E  6EC0               	movwf	192,c	;volatile
   413                           
   414                           ;mcc_generated_files/pin_manager.c: 70:     TRISE = 0x07;
   415  01FF70  0E07               	movlw	7
   416  01FF72  6ECA               	movwf	202,c	;volatile
   417  01FF74                     
   418                           ;mcc_generated_files/pin_manager.c: 71:     TRISF = 0xFF;
   419  01FF74  68CB               	setf	203,c	;volatile
   420                           
   421                           ;mcc_generated_files/pin_manager.c: 72:     TRISA = 0x00;
   422  01FF76  0E00               	movlw	0
   423  01FF78  6EC6               	movwf	198,c	;volatile
   424  01FF7A                     
   425                           ;mcc_generated_files/pin_manager.c: 73:     TRISB = 0xFF;
   426  01FF7A  68C7               	setf	199,c	;volatile
   427  01FF7C                     
   428                           ;mcc_generated_files/pin_manager.c: 74:     TRISC = 0xFF;
   429  01FF7C  68C8               	setf	200,c	;volatile
   430  01FF7E                     
   431                           ;mcc_generated_files/pin_manager.c: 75:     TRISD = 0xFF;
   432  01FF7E  68C9               	setf	201,c	;volatile
   433                           
   434                           ;mcc_generated_files/pin_manager.c: 80:     ANSELD = 0x00;
   435  01FF80  0E00               	movlw	0
   436  01FF82  0104               	movlb	4	; () banked
   437  01FF84  6F18               	movwf	24,b	;volatile
   438                           
   439                           ;mcc_generated_files/pin_manager.c: 81:     ANSELC = 0x00;
   440  01FF86  0E00               	movlw	0
   441  01FF88  6F10               	movwf	16,b	;volatile
   442                           
   443                           ;mcc_generated_files/pin_manager.c: 82:     ANSELB = 0x00;
   444  01FF8A  0E00               	movlw	0
   445  01FF8C  6F08               	movwf	8,b	;volatile
   446                           
   447                           ;mcc_generated_files/pin_manager.c: 83:     ANSELE = 0x00;
   448  01FF8E  0E00               	movlw	0
   449  01FF90  6F20               	movwf	32,b	;volatile
   450                           
   451                           ;mcc_generated_files/pin_manager.c: 84:     ANSELF = 0x00;
   452  01FF92  0E00               	movlw	0
   453  01FF94  6F28               	movwf	40,b	;volatile
   454                           
   455                           ;mcc_generated_files/pin_manager.c: 85:     ANSELA = 0x7F;
   456  01FF96  0E7F               	movlw	127
   457  01FF98  6F00               	movwf	0,b	;volatile
   458                           
   459                           ;mcc_generated_files/pin_manager.c: 90:     WPUD = 0x00;
   460  01FF9A  0E00               	movlw	0
   461  01FF9C  6F19               	movwf	25,b	;volatile
   462                           
   463                           ;mcc_generated_files/pin_manager.c: 91:     WPUF = 0x00;
   464  01FF9E  0E00               	movlw	0
   465  01FFA0  6F29               	movwf	41,b	;volatile
   466                           
   467                           ;mcc_generated_files/pin_manager.c: 92:     WPUE = 0x00;
   468  01FFA2  0E00               	movlw	0
   469  01FFA4  6F21               	movwf	33,b	;volatile
   470                           
   471                           ;mcc_generated_files/pin_manager.c: 93:     WPUB = 0x00;
   472  01FFA6  0E00               	movlw	0
   473  01FFA8  6F09               	movwf	9,b	;volatile
   474                           
   475                           ;mcc_generated_files/pin_manager.c: 94:     WPUA = 0x00;
   476  01FFAA  0E00               	movlw	0
   477  01FFAC  6F01               	movwf	1,b	;volatile
   478                           
   479                           ;mcc_generated_files/pin_manager.c: 95:     WPUC = 0x00;
   480  01FFAE  0E00               	movlw	0
   481  01FFB0  6F11               	movwf	17,b	;volatile
   482                           
   483                           ;mcc_generated_files/pin_manager.c: 100:     RB1I2C = 0x00;
   484  01FFB2  0E00               	movlw	0
   485  01FFB4  0102               	movlb	2	; () banked
   486  01FFB6  6F89               	movwf	137,b	;volatile
   487                           
   488                           ;mcc_generated_files/pin_manager.c: 101:     RB2I2C = 0x00;
   489  01FFB8  0E00               	movlw	0
   490  01FFBA  6F88               	movwf	136,b	;volatile
   491                           
   492                           ;mcc_generated_files/pin_manager.c: 102:     RC3I2C = 0x00;
   493  01FFBC  0E00               	movlw	0
   494  01FFBE  6F87               	movwf	135,b	;volatile
   495                           
   496                           ;mcc_generated_files/pin_manager.c: 103:     RC4I2C = 0x00;
   497  01FFC0  0E00               	movlw	0
   498  01FFC2  6F86               	movwf	134,b	;volatile
   499                           
   500                           ;mcc_generated_files/pin_manager.c: 108:     ODCONE = 0x00;
   501  01FFC4  0E00               	movlw	0
   502  01FFC6  0104               	movlb	4	; () banked
   503  01FFC8  6F22               	movwf	34,b	;volatile
   504                           
   505                           ;mcc_generated_files/pin_manager.c: 109:     ODCONF = 0x00;
   506  01FFCA  0E00               	movlw	0
   507  01FFCC  6F2A               	movwf	42,b	;volatile
   508                           
   509                           ;mcc_generated_files/pin_manager.c: 110:     ODCONA = 0x00;
   510  01FFCE  0E00               	movlw	0
   511  01FFD0  6F02               	movwf	2,b	;volatile
   512                           
   513                           ;mcc_generated_files/pin_manager.c: 111:     ODCONB = 0x00;
   514  01FFD2  0E00               	movlw	0
   515  01FFD4  6F0A               	movwf	10,b	;volatile
   516                           
   517                           ;mcc_generated_files/pin_manager.c: 112:     ODCONC = 0x00;
   518  01FFD6  0E00               	movlw	0
   519  01FFD8  6F12               	movwf	18,b	;volatile
   520                           
   521                           ;mcc_generated_files/pin_manager.c: 113:     ODCOND = 0x00;
   522  01FFDA  0E00               	movlw	0
   523  01FFDC  6F1A               	movwf	26,b	;volatile
   524  01FFDE                     
   525                           ; BSR set to: 4
   526                           ;mcc_generated_files/pin_manager.c: 118:     SLRCONA = 0xFF;
   527  01FFDE  6903               	setf	3,b	;volatile
   528  01FFE0                     
   529                           ; BSR set to: 4
   530                           ;mcc_generated_files/pin_manager.c: 119:     SLRCONB = 0xFF;
   531  01FFE0  690B               	setf	11,b	;volatile
   532  01FFE2                     
   533                           ; BSR set to: 4
   534                           ;mcc_generated_files/pin_manager.c: 120:     SLRCONC = 0xFF;
   535  01FFE2  6913               	setf	19,b	;volatile
   536  01FFE4                     
   537                           ; BSR set to: 4
   538                           ;mcc_generated_files/pin_manager.c: 121:     SLRCOND = 0xFF;
   539  01FFE4  691B               	setf	27,b	;volatile
   540                           
   541                           ;mcc_generated_files/pin_manager.c: 122:     SLRCONE = 0x07;
   542  01FFE6  0E07               	movlw	7
   543  01FFE8  6F23               	movwf	35,b	;volatile
   544  01FFEA                     
   545                           ; BSR set to: 4
   546                           ;mcc_generated_files/pin_manager.c: 123:     SLRCONF = 0xFF;
   547  01FFEA  692B               	setf	43,b	;volatile
   548  01FFEC                     
   549                           ; BSR set to: 4
   550                           ;mcc_generated_files/pin_manager.c: 128:     INLVLA = 0xFF;
   551  01FFEC  6904               	setf	4,b	;volatile
   552  01FFEE                     
   553                           ; BSR set to: 4
   554                           ;mcc_generated_files/pin_manager.c: 129:     INLVLB = 0xFF;
   555  01FFEE  690C               	setf	12,b	;volatile
   556  01FFF0                     
   557                           ; BSR set to: 4
   558                           ;mcc_generated_files/pin_manager.c: 130:     INLVLC = 0xFF;
   559  01FFF0  6914               	setf	20,b	;volatile
   560  01FFF2                     
   561                           ; BSR set to: 4
   562                           ;mcc_generated_files/pin_manager.c: 131:     INLVLD = 0xFF;
   563  01FFF2  691C               	setf	28,b	;volatile
   564                           
   565                           ;mcc_generated_files/pin_manager.c: 132:     INLVLE = 0x0F;
   566  01FFF4  0E0F               	movlw	15
   567  01FFF6  6F24               	movwf	36,b	;volatile
   568  01FFF8                     
   569                           ; BSR set to: 4
   570                           ;mcc_generated_files/pin_manager.c: 133:     INLVLF = 0xFF;
   571  01FFF8  692C               	setf	44,b	;volatile
   572  01FFFA                     
   573                           ; BSR set to: 4
   574  01FFFA  0012               	return		;funcret
   575  01FFFC                     __end_of_PIN_MANAGER_Initialize:
   576                           	opt callstack 0
   577                           
   578 ;; *************** function _OSCILLATOR_Initialize *****************
   579 ;; Defined at:
   580 ;;		line 57 in file "mcc_generated_files/mcc.c"
   581 ;; Parameters:    Size  Location     Type
   582 ;;		None
   583 ;; Auto vars:     Size  Location     Type
   584 ;;		None
   585 ;; Return value:  Size  Location     Type
   586 ;;                  1    wreg      void 
   587 ;; Registers used:
   588 ;;		wreg, status,2
   589 ;; Tracked objects:
   590 ;;		On entry : 0/0
   591 ;;		On exit  : 0/0
   592 ;;		Unchanged: 0/0
   593 ;; Data sizes:     COMRAM   BANK5   BANK6   BANK7   BANK8   BANK9  BANK10  BANK11  BANK12  BANK13  BANK14  BANK15  BANK1
      +6  BANK17  BANK18  BANK19  BANK20  BANK21  BANK22  BANK23  BANK24  BANK25  BANK26  BANK27  BANK28  BANK29  BANK30  BANK3
      +1  BANK32  BANK33  BANK34  BANK35  BANK36
   594 ;;      Params:         0       0       0       0       0       0       0       0       0       0       0       0       
      +0       0       0       0       0       0       0       0       0       0       0       0       0       0       0       
      +0       0       0       0       0       0
   595 ;;      Locals:         0       0       0       0       0       0       0       0       0       0       0       0       
      +0       0       0       0       0       0       0       0       0       0       0       0       0       0       0       
      +0       0       0       0       0       0
   596 ;;      Temps:          0       0       0       0       0       0       0       0       0       0       0       0       
      +0       0       0       0       0       0       0       0       0       0       0       0       0       0       0       
      +0       0       0       0       0       0
   597 ;;      Totals:         0       0       0       0       0       0       0       0       0       0       0       0       
      +0       0       0       0       0       0       0       0       0       0       0       0       0       0       0       
      +0       0       0       0       0       0
   598 ;;Total ram usage:        0 bytes
   599 ;; Hardware stack levels used:    1
   600 ;; This function calls:
   601 ;;		Nothing
   602 ;; This function is called by:
   603 ;;		_SYSTEM_Initialize
   604 ;; This function uses a non-reentrant model
   605 ;;
   606                           
   607                           	psect	text4
   608  01FEA4                     __ptext4:
   609                           	opt callstack 0
   610  01FEA4                     _OSCILLATOR_Initialize:
   611                           	opt callstack 126
   612  01FEA4                     
   613                           ;mcc_generated_files/mcc.c: 60:     OSCCON1 = 0x70;
   614  01FEA4  0E70               	movlw	112
   615  01FEA6  0100               	movlb	0	; () banked
   616  01FEA8  6FAD               	movwf	173,b	;volatile
   617                           
   618                           ;mcc_generated_files/mcc.c: 62:     OSCCON3 = 0x00;
   619  01FEAA  0E00               	movlw	0
   620  01FEAC  6FAF               	movwf	175,b	;volatile
   621                           
   622                           ;mcc_generated_files/mcc.c: 64:     OSCEN = 0x00;
   623  01FEAE  0E00               	movlw	0
   624  01FEB0  6FB3               	movwf	179,b	;volatile
   625                           
   626                           ;mcc_generated_files/mcc.c: 66:     OSCFRQ = 0x02;
   627  01FEB2  0E02               	movlw	2
   628  01FEB4  6FB1               	movwf	177,b	;volatile
   629                           
   630                           ;mcc_generated_files/mcc.c: 68:     OSCTUNE = 0x00;
   631  01FEB6  0E00               	movlw	0
   632  01FEB8  6FB0               	movwf	176,b	;volatile
   633                           
   634                           ;mcc_generated_files/mcc.c: 70:     ACTCON = 0x00;
   635  01FEBA  0E00               	movlw	0
   636  01FEBC  6FAC               	movwf	172,b	;volatile
   637  01FEBE                     
   638                           ; BSR set to: 0
   639  01FEBE  0012               	return		;funcret
   640  01FEC0                     __end_of_OSCILLATOR_Initialize:
   641                           	opt callstack 0
   642                           
   643 ;; *************** function _Count_To *****************
   644 ;; Defined at:
   645 ;;		line 131 in file "main.c"
   646 ;; Parameters:    Size  Location     Type
   647 ;;  count_to        2    0[COMRAM] int 
   648 ;; Auto vars:     Size  Location     Type
   649 ;;  counter         2    7[COMRAM] int 
   650 ;;  MS_Nib          2    0        int 
   651 ;;  LS_Nib          2    3[COMRAM] int 
   652 ;; Return value:  Size  Location     Type
   653 ;;                  1    wreg      void 
   654 ;; Registers used:
   655 ;;		wreg, status,2, status,0
   656 ;; Tracked objects:
   657 ;;		On entry : 0/0
   658 ;;		On exit  : 0/0
   659 ;;		Unchanged: 0/0
   660 ;; Data sizes:     COMRAM   BANK5   BANK6   BANK7   BANK8   BANK9  BANK10  BANK11  BANK12  BANK13  BANK14  BANK15  BANK1
      +6  BANK17  BANK18  BANK19  BANK20  BANK21  BANK22  BANK23  BANK24  BANK25  BANK26  BANK27  BANK28  BANK29  BANK30  BANK3
      +1  BANK32  BANK33  BANK34  BANK35  BANK36
   661 ;;      Params:         2       0       0       0       0       0       0       0       0       0       0       0       
      +0       0       0       0       0       0       0       0       0       0       0       0       0       0       0       
      +0       0       0       0       0       0
   662 ;;      Locals:         6       0       0       0       0       0       0       0       0       0       0       0       
      +0       0       0       0       0       0       0       0       0       0       0       0       0       0       0       
      +0       0       0       0       0       0
   663 ;;      Temps:          1       0       0       0       0       0       0       0       0       0       0       0       
      +0       0       0       0       0       0       0       0       0       0       0       0       0       0       0       
      +0       0       0       0       0       0
   664 ;;      Totals:         9       0       0       0       0       0       0       0       0       0       0       0       
      +0       0       0       0       0       0       0       0       0       0       0       0       0       0       0       
      +0       0       0       0       0       0
   665 ;;Total ram usage:        9 bytes
   666 ;; Hardware stack levels used:    1
   667 ;; This function calls:
   668 ;;		Nothing
   669 ;; This function is called by:
   670 ;;		_main
   671 ;; This function uses a non-reentrant model
   672 ;;
   673                           
   674                           	psect	text5
   675  01FF06                     __ptext5:
   676                           	opt callstack 0
   677  01FF06                     _Count_To:
   678                           	opt callstack 127
   679  01FF06                     
   680                           ;main.c: 131: void Count_To(int count_to);main.c: 132: {;main.c: 133:     int counter = 
      +                          0;
   681  01FF06  0E00               	movlw	0
   682  01FF08  6E09               	movwf	(Count_To@counter+1)^(0+1280),c
   683  01FF0A  0E00               	movlw	0
   684  01FF0C  6E08               	movwf	Count_To@counter^(0+1280),c
   685  01FF0E  0E00               	movlw	0
   686  01FF10  6E05               	movwf	(Count_To@LS_Nib+1)^(0+1280),c
   687  01FF12  0E00               	movlw	0
   688  01FF14  6E04               	movwf	Count_To@LS_Nib^(0+1280),c
   689                           
   690                           ;main.c: 135:     while (counter < count_to)
   691  01FF16  EF9C  F0FF         	goto	l950
   692  01FF1A                     l938:
   693                           
   694                           ;main.c: 138:         PORTA = 0x00;
   695  01FF1A  0E00               	movlw	0
   696  01FF1C  6ECE               	movwf	206,c	;volatile
   697  01FF1E                     
   698                           ;main.c: 143:         PORTA = counter;
   699  01FF1E  0061  F420  F4CE   	movff	Count_To@counter,1230	;volatile
   700  01FF24                     
   701                           ;main.c: 144:         _delay((unsigned long)((500)*(1000000/4000.0)));
   702  01FF24  0EA3               	movlw	163
   703  01FF26  6E03               	movwf	??_Count_To^(0+1280),c
   704  01FF28  0E55               	movlw	85
   705  01FF2A                     u37:
   706  01FF2A  2EE8               	decfsz	wreg,f,c
   707  01FF2C  D7FE               	bra	u37
   708  01FF2E  2E03               	decfsz	??_Count_To^(0+1280),f,c
   709  01FF30  D7FC               	bra	u37
   710  01FF32  F000               	nop	
   711  01FF34                     
   712                           ;main.c: 146:         counter += 1;
   713  01FF34  4A08               	infsnz	Count_To@counter^(0+1280),f,c
   714  01FF36  2A09               	incf	(Count_To@counter+1)^(0+1280),f,c
   715  01FF38                     l950:
   716                           
   717                           ;main.c: 135:     while (counter < count_to)
   718  01FF38  5001               	movf	Count_To@count_to^(0+1280),w,c
   719  01FF3A  5C08               	subwf	Count_To@counter^(0+1280),w,c
   720  01FF3C  5009               	movf	(Count_To@counter+1)^(0+1280),w,c
   721  01FF3E  0A80               	xorlw	128
   722  01FF40  6E03               	movwf	??_Count_To^(0+1280),c
   723  01FF42  5002               	movf	(Count_To@count_to+1)^(0+1280),w,c
   724  01FF44  0A80               	xorlw	128
   725  01FF46  5803               	subwfb	??_Count_To^(0+1280),w,c
   726  01FF48  A0D8               	btfss	status,0,c
   727  01FF4A  EFA9  F0FF         	goto	u21
   728  01FF4E  EFAB  F0FF         	goto	u20
   729  01FF52                     u21:
   730  01FF52  EF8D  F0FF         	goto	l938
   731  01FF56                     u20:
   732  01FF56  0012               	return		;funcret
   733  01FF58                     __end_of_Count_To:
   734                           	opt callstack 0
   735  0000                     
   736                           	psect	rparam
   737  0000                     tosu	equ	0x4FF
   738                           tosh	equ	0x4FE
   739                           tosl	equ	0x4FD
   740                           stkptr	equ	0x4FC
   741                           pclatu	equ	0x4FB
   742                           pclath	equ	0x4FA
   743                           pcl	equ	0x4F9
   744                           tblptru	equ	0x4F8
   745                           tblptrh	equ	0x4F7
   746                           tblptrl	equ	0x4F6
   747                           tablat	equ	0x4F5
   748                           prodh	equ	0x4F4
   749                           prodl	equ	0x4F3
   750                           indf0	equ	0x4EF
   751                           postinc0	equ	0x4EE
   752                           postdec0	equ	0x4ED
   753                           preinc0	equ	0x4EC
   754                           plusw0	equ	0x4EB
   755                           fsr0h	equ	0x4EA
   756                           fsr0l	equ	0x4E9
   757                           wreg	equ	0x4E8
   758                           indf1	equ	0x4E7
   759                           postinc1	equ	0x4E6
   760                           postdec1	equ	0x4E5
   761                           preinc1	equ	0x4E4
   762                           plusw1	equ	0x4E3
   763                           fsr1h	equ	0x4E2
   764                           fsr1l	equ	0x4E1
   765                           bsr	equ	0x4E0
   766                           indf2	equ	0x4DF
   767                           postinc2	equ	0x4DE
   768                           postdec2	equ	0x4DD
   769                           preinc2	equ	0x4DC
   770                           plusw2	equ	0x4DB
   771                           fsr2h	equ	0x4DA
   772                           fsr2l	equ	0x4D9
   773                           status	equ	0x4D8


Data Sizes:
    Strings     0
    Constant    0
    Data        0
    BSS         0
    Persistent  0
    Stack       0

Auto Spaces:
    Space          Size  Autos    Used
    COMRAM           95     23      23
    BANK5           160      0       0
    BANK6           256      0       0
    BANK7           256      0       0
    BANK8           256      0       0
    BANK9           256      0       0
    BANK10          256      0       0
    BANK11          256      0       0
    BANK12          256      0       0
    BANK13          256      0       0
    BANK14          256      0       0
    BANK15          256      0       0
    BANK16          256      0       0
    BANK17          256      0       0
    BANK18          256      0       0
    BANK19          256      0       0
    BANK20          256      0       0
    BANK21          256      0       0
    BANK22          256      0       0
    BANK23          256      0       0
    BANK24          256      0       0
    BANK25          256      0       0
    BANK26          256      0       0
    BANK27          256      0       0
    BANK28          256      0       0
    BANK29          256      0       0
    BANK30          256      0       0
    BANK31          256      0       0
    BANK32          256      0       0
    BANK33          256      0       0
    BANK34          256      0       0
    BANK35          256      0       0
    BANK36          256      0       0

Pointer List with Targets:

    None.

Critical Paths under _main in COMRAM

    _main->_Count_To

Critical Paths under _main in BANK5

    None.

Critical Paths under _main in BANK6

    None.

Critical Paths under _main in BANK7

    None.

Critical Paths under _main in BANK8

    None.

Critical Paths under _main in BANK9

    None.

Critical Paths under _main in BANK10

    None.

Critical Paths under _main in BANK11

    None.

Critical Paths under _main in BANK12

    None.

Critical Paths under _main in BANK13

    None.

Critical Paths under _main in BANK14

    None.

Critical Paths under _main in BANK15

    None.

Critical Paths under _main in BANK16

    None.

Critical Paths under _main in BANK17

    None.

Critical Paths under _main in BANK18

    None.

Critical Paths under _main in BANK19

    None.

Critical Paths under _main in BANK20

    None.

Critical Paths under _main in BANK21

    None.

Critical Paths under _main in BANK22

    None.

Critical Paths under _main in BANK23

    None.

Critical Paths under _main in BANK24

    None.

Critical Paths under _main in BANK25

    None.

Critical Paths under _main in BANK26

    None.

Critical Paths under _main in BANK27

    None.

Critical Paths under _main in BANK28

    None.

Critical Paths under _main in BANK29

    None.

Critical Paths under _main in BANK30

    None.

Critical Paths under _main in BANK31

    None.

Critical Paths under _main in BANK32

    None.

Critical Paths under _main in BANK33

    None.

Critical Paths under _main in BANK34

    None.

Critical Paths under _main in BANK35

    None.

Critical Paths under _main in BANK36

    None.

Call Graph Tables:

 ---------------------------------------------------------------------------------
 (Depth) Function   	        Calls       Base Space   Used Autos Params    Refs
 ---------------------------------------------------------------------------------
 (0) _main                                                14    14      0     201
                                              9 COMRAM    14    14      0
                           _Count_To
                  _SYSTEM_Initialize
 ---------------------------------------------------------------------------------
 (1) _SYSTEM_Initialize                                    0     0      0       0
              _OSCILLATOR_Initialize
             _PIN_MANAGER_Initialize
                     _PMD_Initialize
 ---------------------------------------------------------------------------------
 (2) _PMD_Initialize                                       0     0      0       0
 ---------------------------------------------------------------------------------
 (2) _PIN_MANAGER_Initialize                               0     0      0       0
 ---------------------------------------------------------------------------------
 (2) _OSCILLATOR_Initialize                                0     0      0       0
 ---------------------------------------------------------------------------------
 (1) _Count_To                                             9     7      2     193
                                              0 COMRAM     9     7      2
 ---------------------------------------------------------------------------------
 Estimated maximum stack depth 2
 ---------------------------------------------------------------------------------

 Call Graph Graphs:

 _main (ROOT)
   _Count_To
   _SYSTEM_Initialize
     _OSCILLATOR_Initialize
     _PIN_MANAGER_Initialize
     _PMD_Initialize

 Address spaces:
Name               Size   Autos  Total    Cost      Usage
BITCOMRAM           5F      0       0       0        0.0%
EEDATA             400      0       0       0        0.0%
NULL                 0      0       0       0        0.0%
CODE                 0      0       0       0        0.0%
COMRAM              5F     17      17       1       24.2%
STACK                0      0       0       2        0.0%
DATA                 0      0       0       3        0.0%
BITBANK5            A0      0       0       4        0.0%
BANK5               A0      0       0       5        0.0%
ABS                  0      0       0       6        0.0%
BITBANK6           100      0       0       7        0.0%
BANK6              100      0       0       8        0.0%
BITBANK7           100      0       0       9        0.0%
BANK7              100      0       0      10        0.0%
BITBANK8           100      0       0      11        0.0%
BANK8              100      0       0      12        0.0%
BITBANK9           100      0       0      13        0.0%
BANK9              100      0       0      14        0.0%
BITBANK10          100      0       0      15        0.0%
BANK10             100      0       0      16        0.0%
BITBANK11          100      0       0      17        0.0%
BANK11             100      0       0      18        0.0%
BITBANK12          100      0       0      19        0.0%
BANK12             100      0       0      20        0.0%
BITBANK13          100      0       0      21        0.0%
BANK13             100      0       0      22        0.0%
BITBANK14          100      0       0      23        0.0%
BANK14             100      0       0      24        0.0%
BITBANK15          100      0       0      25        0.0%
BANK15             100      0       0      26        0.0%
BITBANK16          100      0       0      27        0.0%
BANK16             100      0       0      28        0.0%
BITBANK17          100      0       0      29        0.0%
BANK17             100      0       0      30        0.0%
BITBANK18          100      0       0      31        0.0%
BANK18             100      0       0      32        0.0%
BITBANK19          100      0       0      33        0.0%
BANK19             100      0       0      34        0.0%
BITBANK20          100      0       0      35        0.0%
BANK20             100      0       0      36        0.0%
BITBANK21          100      0       0      37        0.0%
BANK21             100      0       0      38        0.0%
BITBANK22          100      0       0      39        0.0%
BANK22             100      0       0      40        0.0%
BITBANK23          100      0       0      41        0.0%
BANK23             100      0       0      42        0.0%
BITBANK24          100      0       0      43        0.0%
BANK24             100      0       0      44        0.0%
BITBANK25          100      0       0      45        0.0%
BANK25             100      0       0      46        0.0%
BITBANK26          100      0       0      47        0.0%
BANK26             100      0       0      48        0.0%
BITBANK27          100      0       0      49        0.0%
BANK27             100      0       0      50        0.0%
BITBANK28          100      0       0      51        0.0%
BANK28             100      0       0      52        0.0%
BITBANK29          100      0       0      53        0.0%
BANK29             100      0       0      54        0.0%
BITBANK30          100      0       0      55        0.0%
BANK30             100      0       0      56        0.0%
BITBANK31          100      0       0      57        0.0%
BANK31             100      0       0      58        0.0%
BITBANK32          100      0       0      59        0.0%
BANK32             100      0       0      60        0.0%
BITBANK33          100      0       0      61        0.0%
BANK33             100      0       0      62        0.0%
BITBANK34          100      0       0      63        0.0%
BANK34             100      0       0      64        0.0%
BITBANK35          100      0       0      65        0.0%
BANK35             100      0       0      66        0.0%
BITBANK36          100      0       0      67        0.0%
BANK36             100      0       0      68        0.0%
BIGRAM            1FFF      0       0      69        0.0%
BITSFR_5             0      0       0     200        0.0%
SFR_5                0      0       0     200        0.0%
BITSFR_4             0      0       0     200        0.0%
SFR_4                0      0       0     200        0.0%
BITSFR_3             0      0       0     200        0.0%
SFR_3                0      0       0     200        0.0%
BITSFR_2             0      0       0     200        0.0%
SFR_2                0      0       0     200        0.0%
BITSFR_1             0      0       0     200        0.0%
SFR_1                0      0       0     200        0.0%
BITSFR               0      0       0     200        0.0%
SFR                  0      0       0     200        0.0%


Microchip Technology PIC18 Macro Assembler V2.10 build 88905656 
Symbol Table                                                                                   Sat Apr 11 21:03:19 2020

                    __CFG_CP$OFF 000000                               l40 FEBE  
                             l43 FF04                               l37 FEA2  
                             u20 FF56                               u21 FF52  
                             u37 FF2A                      __CFG_LVP$ON 000000  
                            l138 FFFA                              l171 FF56  
                            l850 FEE2                              l940 FF1E  
                            l860 FF7E                              l852 FF58  
                            l942 FF1E                              l950 FF38  
                            l870 FFEA                              l862 FFDE  
                            l854 FF74                              l944 FF1E  
                            l936 FF06                              l880 FFF8  
                            l872 FFEC                              l864 FFE0  
                            l856 FF7A                              l960 FECC  
                            l952 FEC0                              l946 FF24  
                            l938 FF1A                              l882 FEA4  
                            l874 FFEE                              l866 FFE2  
                            l858 FF7C                              l970 FED6  
                            l962 FECC                              l954 FEC4  
                            l948 FF34                              l876 FFF0  
                            l868 FFE4                              l884 FE96  
                            l964 FECC                              l956 FECC  
                            l878 FFF2                              l966 FECC  
                            l958 FECC                              l968 FECC  
        __size_of_PMD_Initialize 0024                              wreg 0004E8  
                  __CFG_BBEN$OFF 000000                     __CFG_ZCD$OFF 000000  
                           _LATA 0004BE                             _LATB 0004BF  
                           _LATC 0004C0                             _LATD 0004C1  
                           _LATE 0004C2                             _LATF 0004C3  
                    main@counter 0516                             _PMD0 000060  
                           _PMD1 000061                             _PMD3 000063  
                           _PMD4 000064                             _PMD5 000065  
                           _PMD6 000066                             _PMD7 000067  
                           _PMD8 000068                             _WPUA 000401  
                           _WPUB 000409                             _WPUC 000411  
                           _WPUD 000419                             _WPUE 000421  
                           _WPUF 000429                    __CFG_FCMEN$ON 000000  
                           _main FEC0                             start FFFC  
                  __CFG_CSWEN$ON 000000                     ___param_bank 000000  
 __size_of_OSCILLATOR_Initialize 001C    __end_of_OSCILLATOR_Initialize FEC0  
                          ?_main 0501                    __CFG_WDTE$OFF 000000  
                 __CFG_DEBUG$OFF 000000                            _OSCEN 0000B3  
                          _PORTA 0004CE                            _PORTB 0004CF  
                          _PORTC 0004D0                            _PORTD 0004D1  
                          _PORTF 0004D3                            _TRISA 0004C6  
                          _TRISB 0004C7                            _TRISC 0004C8  
                          _TRISD 0004C9                            _TRISE 0004CA  
                          _TRISF 0004CB                    __CFG_WRTB$OFF 000000  
                  __CFG_WRTC$OFF 000000                    __CFG_WRTD$OFF 000000  
             __CFG_MCLRE$EXTMCLR 000000                            status 0004D8  
                __initialization FE90                     __end_of_main FEE2  
               __end_of_Count_To FF58                   __CFG_SAFEN$OFF 000000  
                         ??_main 050A                   __CFG_PR1WAY$ON 000000  
                  __activetblptr 000000                           _ACTCON 0000AC  
                         _ANSELA 000400                           _ANSELB 000408  
                         _ANSELC 000410                           _ANSELD 000418  
                         _ANSELE 000420                           _ANSELF 000428  
                         _RB1I2C 000289                           _RB2I2C 000288  
                         _RC3I2C 000287                           _RC4I2C 000286  
                         _ODCONA 000402                           _ODCONB 00040A  
                         _ODCONC 000412                           _ODCOND 00041A  
                         _ODCONE 000422                           _ODCONF 00042A  
                 __CFG_WDTCCS$SC 000000                           _INLVLA 000404  
                         _INLVLB 00040C                           _INLVLC 000414  
                         _INLVLD 00041C                           _INLVLE 000424  
                         _INLVLF 00042C               __CFG_RSTOSC$EXTOSC 000000  
                         _OSCFRQ 0000B1                   __CFG_XINST$OFF 000000  
                 __CFG_STVREN$ON 000000                   _PMD_Initialize FEE2  
              _SYSTEM_Initialize FE96                       __accesstop 0560  
        __end_of__initialization FE90               ?_SYSTEM_Initialize 0501  
                  ___rparam_used 000001                   __pcstackCOMRAM 0501  
            ??_SYSTEM_Initialize 0501           __end_of_PMD_Initialize FF06  
      __end_of_SYSTEM_Initialize FEA4                  __CFG_IVT1WAY$ON 000000  
                      ?_Count_To 0501                  __CFG_MVECEN$OFF 000000  
                 Count_To@LS_Nib 0504                  __CFG_PPS1WAY$ON 000000  
                ?_PMD_Initialize 0501              __CFG_PWRTS$PWRT_OFF 000000  
                        _OSCCON1 0000AD                          _OSCCON3 0000AF  
                        _OSCTUNE 0000B0                          _SLRCONA 000403  
                        _SLRCONB 00040B                          _SLRCONC 000413  
                        _SLRCOND 00041B                          _SLRCONE 000423  
                        _SLRCONF 00042B                       ??_Count_To 0503  
                        __Hparam 0000                          __Lparam 0000  
                        __pcinit FE90                          __ramtop 2500  
                        __ptext0 FEC0                          __ptext1 FE96  
                        __ptext2 FEE2                          __ptext3 FF58  
                        __ptext4 FEA4                          __ptext5 FF06  
                __CFG_WRTAPP$OFF 000000            _OSCILLATOR_Initialize FEA4  
       ??_PIN_MANAGER_Initialize 0501                  __CFG_WRTSAF$OFF 000000  
     __size_of_SYSTEM_Initialize 000E             end_of_initialization FE90  
               Count_To@count_to 0501            __CFG_WDTCPS$WDTCPS_31 000000  
               __CFG_FEXTOSC$OFF 000000           ?_OSCILLATOR_Initialize 0501  
            start_initialization FE90  __size_of_PIN_MANAGER_Initialize 00A4  
              __size_of_Count_To 0052                 __CFG_LPBOREN$OFF 000000  
               ??_PMD_Initialize 0501           _PIN_MANAGER_Initialize FF58  
         __CFG_BBSIZE$BBSIZE_512 000000                  Count_To@counter 0508  
                       _Count_To FF06                         __Hrparam 0000  
                       __Lrparam 0000               __CFG_BOREN$SBORDIS 000000  
        ??_OSCILLATOR_Initialize 0501                    __size_of_main 0022  
           __CFG_WDTCWS$WDTCWS_7 000000               __CFG_BORV$VBOR_1P9 000000  
        ?_PIN_MANAGER_Initialize 0501                __CFG_CLKOUTEN$OFF 000000  
 __end_of_PIN_MANAGER_Initialize FFFC  
